# JRE version: OpenJDK Runtime Environment Temurin-17.0.6+10 (17.0.6+10) (build 17.0.6+10)
# Java VM: OpenJDK 64-Bit Server VM Temurin-17.0.6+10 (17.0.6+10, mixed mode, emulated-client, tiered, compressed oops, compressed class ptrs, g1 gc, windows-amd64)
GC Precious Log:
 CPUs: 12 total, 12 available
 Memory: 16263M
 Large Page Support: Disabled
 NUMA Support: Disabled
 Compressed Oops: Enabled (32-bit)
 Heap Region Size: 1M
 Heap Min Capacity: 8M
 Heap Initial Capacity: 256M
 Heap Max Capacity: 1G
 Pre-touch: Disabled
 Parallel Workers: 10
 Concurrent Workers: 3
 Concurrent Refinement Workers: 10
 Periodic GC: Disabled
Heap:
 garbage-first heap   total 239616K, used 70257K [0x00000000c0000000, 0x0000000100000000)
  region size 1024K, 1 young (1024K), 0 survivors (0K)
 Metaspace       used 72670K, committed 73536K, reserved 1114112K
  class space    used 9877K, committed 10240K, reserved 1048576K
GC Heap History (20 events):
Event: 2980.731 GC heap before
{Heap before GC invocations=340 (full 280):
 garbage-first heap   total 239616K, used 70257K [0x00000000c0000000, 0x0000000100000000)
  region size 1024K, 1 young (1024K), 0 survivors (0K)
 Metaspace       used 72670K, committed 73536K, reserved 1114112K
  class space    used 9877K, committed 10240K, reserved 1048576K
}
Event: 2980.774 GC heap after
{Heap after GC invocations=341 (full 281):
 garbage-first heap   total 239616K, used 70257K [0x00000000c0000000, 0x0000000100000000)
  region size 1024K, 0 young (0K), 0 survivors (0K)
 Metaspace       used 72670K, committed 73536K, reserved 1114112K
  class space    used 9877K, committed 10240K, reserved 1048576K
}
Event: 2990.928 GC heap before
{Heap before GC invocations=341 (full 281):
 garbage-first heap   total 239616K, used 70257K [0x00000000c0000000, 0x0000000100000000)
  region size 1024K, 1 young (1024K), 0 survivors (0K)
 Metaspace       used 72670K, committed 73536K, reserved 1114112K
  class space    used 9877K, committed 10240K, reserved 1048576K
}
Event: 2990.963 GC heap after
{Heap after GC invocations=342 (full 282):
 garbage-first heap   total 239616K, used 70257K [0x00000000c0000000, 0x0000000100000000)
  region size 1024K, 0 young (0K), 0 survivors (0K)
 Metaspace       used 72670K, committed 73536K, reserved 1114112K
  class space    used 9877K, committed 10240K, reserved 1048576K
}
Event: 3001.403 GC heap before
{Heap before GC invocations=342 (full 282):
 garbage-first heap   total 239616K, used 70257K [0x00000000c0000000, 0x0000000100000000)
  region size 1024K, 1 young (1024K), 0 survivors (0K)
 Metaspace       used 72670K, committed 73536K, reserved 1114112K
  class space    used 9877K, committed 10240K, reserved 1048576K
}
Event: 3001.442 GC heap after
{Heap after GC invocations=343 (full 283):
 garbage-first heap   total 239616K, used 70257K [0x00000000c0000000, 0x0000000100000000)
  region size 1024K, 0 young (0K), 0 survivors (0K)
 Metaspace       used 72670K, committed 73536K, reserved 1114112K
  class space    used 9877K, committed 10240K, reserved 1048576K
}
Event: 3011.686 GC heap before
{Heap before GC invocations=343 (full 283):
 garbage-first heap   total 239616K, used 70257K [0x00000000c0000000, 0x0000000100000000)
  region size 1024K, 1 young (1024K), 0 survivors (0K)
 Metaspace       used 72670K, committed 73536K, reserved 1114112K
  class space    used 9877K, committed 10240K, reserved 1048576K
}
Event: 3011.728 GC heap after
{Heap after GC invocations=344 (full 284):
 garbage-first heap   total 239616K, used 70257K [0x00000000c0000000, 0x0000000100000000)
  region size 1024K, 0 young (0K), 0 survivors (0K)
 Metaspace       used 72670K, committed 73536K, reserved 1114112K
  class space    used 9877K, committed 10240K, reserved 1048576K
}
Event: 3022.130 GC heap before
{Heap before GC invocations=344 (full 284):
 garbage-first heap   total 239616K, used 70257K [0x00000000c0000000, 0x0000000100000000)
  region size 1024K, 1 young (1024K), 0 survivors (0K)
 Metaspace       used 72670K, committed 73536K, reserved 1114112K
  class space    used 9877K, committed 10240K, reserved 1048576K
}
Event: 3022.176 GC heap after
{Heap after GC invocations=345 (full 285):
 garbage-first heap   total 239616K, used 70257K [0x00000000c0000000, 0x0000000100000000)
  region size 1024K, 0 young (0K), 0 survivors (0K)
 Metaspace       used 72670K, committed 73536K, reserved 1114112K
  class space    used 9877K, committed 10240K, reserved 1048576K
}
Event: 3032.538 GC heap before
{Heap before GC invocations=345 (full 285):
 garbage-first heap   total 239616K, used 70257K [0x00000000c0000000, 0x0000000100000000)
  region size 1024K, 1 young (1024K), 0 survivors (0K)
 Metaspace       used 72670K, committed 73536K, reserved 1114112K
  class space    used 9877K, committed 10240K, reserved 1048576K
}
Event: 3032.573 GC heap after
{Heap after GC invocations=346 (full 286):
 garbage-first heap   total 239616K, used 70257K [0x00000000c0000000, 0x0000000100000000)
  region size 1024K, 0 young (0K), 0 survivors (0K)
 Metaspace       used 72670K, committed 73536K, reserved 1114112K
  class space    used 9877K, committed 10240K, reserved 1048576K
}
Event: 3043.003 GC heap before
{Heap before GC invocations=346 (full 286):
 garbage-first heap   total 239616K, used 70257K [0x00000000c0000000, 0x0000000100000000)
  region size 1024K, 1 young (1024K), 0 survivors (0K)
 Metaspace       used 72670K, committed 73536K, reserved 1114112K
  class space    used 9877K, committed 10240K, reserved 1048576K
}
Event: 3043.044 GC heap after
{Heap after GC invocations=347 (full 287):
 garbage-first heap   total 239616K, used 70257K [0x00000000c0000000, 0x0000000100000000)
  region size 1024K, 0 young (0K), 0 survivors (0K)
 Metaspace       used 72670K, committed 73536K, reserved 1114112K
  class space    used 9877K, committed 10240K, reserved 1048576K
}
Event: 3053.321 GC heap before
{Heap before GC invocations=347 (full 287):
 garbage-first heap   total 239616K, used 70257K [0x00000000c0000000, 0x0000000100000000)
  region size 1024K, 1 young (1024K), 0 survivors (0K)
 Metaspace       used 72670K, committed 73536K, reserved 1114112K
  class space    used 9877K, committed 10240K, reserved 1048576K
}
Event: 3053.360 GC heap after
{Heap after GC invocations=348 (full 288):
 garbage-first heap   total 239616K, used 70257K [0x00000000c0000000, 0x0000000100000000)
  region size 1024K, 0 young (0K), 0 survivors (0K)
 Metaspace       used 72670K, committed 73536K, reserved 1114112K
  class space    used 9877K, committed 10240K, reserved 1048576K
}
Event: 3063.501 GC heap before
{Heap before GC invocations=348 (full 288):
 garbage-first heap   total 239616K, used 70257K [0x00000000c0000000, 0x0000000100000000)
  region size 1024K, 1 young (1024K), 0 survivors (0K)
 Metaspace       used 72670K, committed 73536K, reserved 1114112K
  class space    used 9877K, committed 10240K, reserved 1048576K
}
Event: 3063.549 GC heap after
{Heap after GC invocations=349 (full 289):
 garbage-first heap   total 239616K, used 70257K [0x00000000c0000000, 0x0000000100000000)
  region size 1024K, 0 young (0K), 0 survivors (0K)
 Metaspace       used 72670K, committed 73536K, reserved 1114112K
  class space    used 9877K, committed 10240K, reserved 1048576K
}
Event: 3073.947 GC heap before
{Heap before GC invocations=349 (full 289):
 garbage-first heap   total 239616K, used 70257K [0x00000000c0000000, 0x0000000100000000)
  region size 1024K, 1 young (1024K), 0 survivors (0K)
 Metaspace       used 72670K, committed 73536K, reserved 1114112K
  class space    used 9877K, committed 10240K, reserved 1048576K
}
Event: 3073.981 GC heap after
{Heap after GC invocations=350 (full 290):
 garbage-first heap   total 239616K, used 70257K [0x00000000c0000000, 0x0000000100000000)
  region size 1024K, 0 young (0K), 0 survivors (0K)
 Metaspace       used 72670K, committed 73536K, reserved 1114112K
  class space    used 9877K, committed 10240K, reserved 1048576K
}

